TN:
SF:src\app.ts
FN:9,(anonymous_1)
FN:25,(anonymous_2)
FNF:2
FNH:2
FNDA:1,(anonymous_1)
FNDA:1,(anonymous_2)
DA:1,1
DA:2,1
DA:4,1
DA:5,1
DA:6,1
DA:7,1
DA:9,1
DA:10,1
DA:13,1
DA:14,1
DA:17,1
DA:18,1
DA:19,1
DA:22,1
DA:25,1
DA:26,1
DA:29,1
LF:17
LH:17
BRF:0
BRH:0
end_of_record
TN:
SF:src\controllers\TaskController.ts
FN:7,(anonymous_0)
FN:9,(anonymous_1)
FN:26,(anonymous_2)
FN:35,(anonymous_3)
FNF:4
FNH:4
FNDA:5,(anonymous_0)
FNDA:17,(anonymous_1)
FNDA:5,(anonymous_2)
FNDA:8,(anonymous_3)
DA:3,2
DA:4,2
DA:6,2
DA:7,5
DA:9,5
DA:10,17
DA:11,17
DA:12,15
DA:13,14
DA:15,3
DA:16,2
DA:21,1
DA:26,5
DA:27,5
DA:28,5
DA:29,4
DA:31,1
DA:35,5
DA:36,8
DA:37,8
DA:38,7
DA:39,3
DA:41,5
DA:42,1
DA:46,4
DA:47,3
DA:48,1
DA:49,2
DA:50,1
DA:52,1
DA:55,1
LF:31
LH:31
BRDA:15,0,0,2
BRDA:15,0,1,1
BRDA:41,1,0,1
BRDA:41,1,1,4
BRDA:46,2,0,3
BRDA:46,2,1,1
BRDA:47,3,0,1
BRDA:47,3,1,2
BRDA:49,4,0,1
BRDA:49,4,1,1
BRF:10
BRH:10
end_of_record
TN:
SF:src\repositories\TaskRepositoryImpl.ts
FN:6,(anonymous_0)
FN:8,(anonymous_1)
FN:17,(anonymous_2)
FN:29,(anonymous_3)
FN:35,(anonymous_4)
FNF:5
FNH:5
FNDA:2,(anonymous_0)
FNDA:31,(anonymous_1)
FNDA:7,(anonymous_2)
FNDA:7,(anonymous_3)
FNDA:5,(anonymous_4)
DA:5,2
DA:6,2
DA:9,31
DA:18,7
DA:30,7
DA:36,5
LF:6
LH:6
BRF:0
BRH:0
end_of_record
TN:
SF:src\routes\taskRoutes.ts
FN:4,(anonymous_0)
FNF:1
FNH:1
FNDA:1,(anonymous_0)
DA:1,1
DA:4,1
DA:5,1
DA:7,1
DA:8,1
DA:9,1
DA:11,1
LF:7
LH:7
BRF:0
BRH:0
end_of_record
TN:
SF:src\services\TaskService.ts
FN:5,(anonymous_0)
FN:7,(anonymous_1)
FN:11,(anonymous_2)
FN:15,(anonymous_3)
FNF:4
FNH:4
FNDA:6,(anonymous_0)
FNDA:15,(anonymous_1)
FNDA:5,(anonymous_2)
FNDA:8,(anonymous_3)
DA:4,2
DA:5,6
DA:8,15
DA:12,5
DA:16,8
DA:18,8
DA:19,2
DA:22,6
DA:23,2
DA:26,4
LF:10
LH:10
BRDA:18,0,0,2
BRDA:18,0,1,6
BRDA:22,1,0,2
BRDA:22,1,1,4
BRF:4
BRH:4
end_of_record
TN:
SF:src\validators\taskValidators.ts
FNF:0
FNH:0
DA:1,2
DA:3,2
DA:8,2
LF:3
LH:3
BRF:0
BRH:0
end_of_record
